<?xml version="1.0" encoding="UTF-8"?>
<!-- Generated by org.testng.reporters.JUnitXMLReporter -->
<testsuite hostname="SHASHIPRAKASHT-w8" ignored="2" name="Test" tests="4" failures="0" timestamp="18 Jun 2020 09:52:34 GMT" time="44.824" errors="0">
  <testcase name="getTextValue" time="6.072" classname="Academy.E2EProject.ValidateText"/>
  <testcase name="getHomePage" time="14.47" classname="Academy.E2EProject.HomePage"/>
  <testcase name="getHomePage" time="14.416" classname="Academy.E2EProject.HomePage"/>
  <testcase name="getHomePage" time="8.539" classname="Academy.E2EProject.ContactNevigation"/>
  <testcase name="@AfterTest closeBrowser" time="0.0" classname="resources.Base">
    <ignored/>
  </testcase> <!-- @AfterTest closeBrowser -->
  <testcase name="@AfterTest closeBrowser" time="0.0" classname="resources.Base">
    <ignored/>
  </testcase> <!-- @AfterTest closeBrowser -->
</testsuite> <!-- Test -->
