<?xml version="1.0" encoding="UTF-8"?>
<!-- Generated by org.testng.reporters.JUnitXMLReporter -->
<testsuite hostname="SHASHIPRAKASHT-w8" ignored="0" name="ValidateText" tests="1" failures="1" timestamp="19 Jun 2020 11:58:31 GMT" time="11.765" errors="0">
  <testcase name="getTextValue" time="1.429" classname="Academy.E2EProject.ValidateText">
    <failure type="java.lang.AssertionError" message="expected:&amp;lt;FEATURED COURSES&amp;gt; but was:&amp;lt;FEATURED COURSES1&amp;gt;">
      <![CDATA[java.lang.AssertionError: expected:<FEATURED COURSES> but was:<FEATURED COURSES1>
at Academy.E2EProject.ValidateText.getTextValue(ValidateText.java:42)
at java.util.concurrent.FutureTask.run(FutureTask.java:266)
at java.util.concurrent.ThreadPoolExecutor.runWorker(ThreadPoolExecutor.java:1142)
at java.util.concurrent.ThreadPoolExecutor$Worker.run(ThreadPoolExecutor.java:617)
at java.lang.Thread.run(Thread.java:745)
... Removed 18 stack frames]]>
    </failure>
  </testcase> <!-- getTextValue -->
</testsuite> <!-- ValidateText -->
