<?xml version="1.0" encoding="UTF-8"?>
<!-- Generated by org.testng.reporters.JUnitXMLReporter -->
<testsuite hostname="SHASHIPRAKASHT-w8" ignored="0" name="Validation of Text" tests="1" failures="1" timestamp="19 Jun 2020 09:51:58 GMT" time="7.141" errors="0">
  <testcase name="getTextValue" time="0.052" classname="Academy.E2EProject.ValidateText">
    <failure type="java.lang.AssertionError" message="expected:&amp;lt;FEATURED COURSES&amp;gt; but was:&amp;lt;FEATURED&amp;gt;">
      <![CDATA[java.lang.AssertionError: expected:<FEATURED COURSES> but was:<FEATURED>
at Academy.E2EProject.ValidateText.getTextValue(ValidateText.java:42)
... Removed 27 stack frames]]>
    </failure>
  </testcase> <!-- getTextValue -->
</testsuite> <!-- Validation of Text -->
