<?xml version="1.0" encoding="UTF-8"?>
<!-- Generated by org.testng.reporters.JUnitXMLReporter -->
<testsuite hostname="SHASHIPRAKASHT-w8" ignored="0" name="ValidateText" tests="1" failures="1" timestamp="23 Jun 2020 05:03:47 GMT" time="17.327" errors="0">
  <testcase name="getTextValue" time="2.193" classname="Academy.E2EProject.ValidateText">
    <failure type="java.lang.AssertionError" message="expected:&amp;lt;FEATURED COURSES&amp;gt; but was:&amp;lt;FEATURED COURSES1&amp;gt;">
      <![CDATA[java.lang.AssertionError: expected:<FEATURED COURSES> but was:<FEATURED COURSES1>
at Academy.E2EProject.ValidateText.getTextValue(ValidateText.java:42)
at java.util.concurrent.FutureTask.run(Unknown Source)
at java.util.concurrent.ThreadPoolExecutor.runWorker(Unknown Source)
at java.util.concurrent.ThreadPoolExecutor$Worker.run(Unknown Source)
at java.lang.Thread.run(Unknown Source)
... Removed 18 stack frames]]>
    </failure>
  </testcase> <!-- getTextValue -->
</testsuite> <!-- ValidateText -->
