<?xml version="1.0" encoding="UTF-8"?>
<testsuite xmlns:xsi="http://www.w3.org/2001/XMLSchema-instance" xsi:noNamespaceSchemaLocation="https://maven.apache.org/surefire/maven-surefire-plugin/xsd/surefire-test-report-3.0.xsd" version="3.0" name="TestSuite" time="105.846" tests="4" errors="0" skipped="0" failures="1">
  <properties>
[...]
</properties>
  <testcase name="getHomePage" classname="Academy.E2EProject.ContactNevigation" time="2.538"/>
  <testcase name="getTextValue" classname="Academy.E2EProject.ValidateText" time="5.426">
    <failure message="expected:&lt;FEATURED COURSES&gt; but was:&lt;FEATURED COURSES1&gt;" type="java.lang.AssertionError"><![CDATA[java.lang.AssertionError: expected:<FEATURED COURSES> but was:<FEATURED COURSES1>
	at Academy.E2EProject.ValidateText.getTextValue(ValidateText.java:42)
]]></failure>
    <system-err><![CDATA[log4j:WARN No appenders could be found for logger (freemarker.cache).
log4j:WARN Please initialize the log4j system properly.
log4j:WARN See http://logging.apache.org/log4j/1.2/faq.html#noconfig for more info.
Starting ChromeDriver 83.0.4103.39 (ccbf011cb2d2b19b506d844400483861342c20cd-refs/branch-heads/4103@{#416}) on port 16497
Only local connections are allowed.
Please see https://chromedriver.chromium.org/security-considerations for suggestions on keeping ChromeDriver safe.
ChromeDriver was started successfully.
Jun 23, 2020 10:33:33 AM org.openqa.selenium.remote.ProtocolHandshake createSession
INFO: Detected dialect: W3C
]]></system-err>
  </testcase>
  <testcase name="getHomePage" classname="Academy.E2EProject.HomePage" time="37.838"/>
  <testcase name="getHomePage" classname="Academy.E2EProject.HomePage" time="37.605"/>
</testsuite>