-------------------------------------------------------------------------------
Test set: TestSuite
-------------------------------------------------------------------------------
Tests run: 4, Failures: 1, Errors: 0, Skipped: 0, Time elapsed: 105.846 s <<< FAILURE! - in TestSuite
Academy.E2EProject.ValidateText.getTextValue  Time elapsed: 5.426 s  <<< FAILURE!
java.lang.AssertionError: expected:<FEATURED COURSES> but was:<FEATURED COURSES1>
	at Academy.E2EProject.ValidateText.getTextValue(ValidateText.java:42)

